============================= test session starts ==============================
platform linux -- Python 3.12.3, pytest-9.1.1, pluggy-1.6.0 -- /home/ubuntu/products-api-real/test_fastapi_productos_y_categorias/.venv/bin/python
cachedir: .pytest_cache
rootdir: /home/ubuntu/products-api-real/test_fastapi_productos_y_categorias
plugins: anyio-4.15.1
collecting ... collected 23 items

tests/test_categories.py::test_list_categories PASSED                    [  4%]
tests/test_categories.py::test_get_existing_category PASSED              [  8%]
tests/test_categories.py::test_get_non_existing_category PASSED          [ 13%]
tests/test_categories.py::test_get_invalid_id PASSED                     [ 17%]
tests/test_categories.py::test_create_valid_category PASSED              [ 21%]
tests/test_categories.py::test_create_category_name_too_short PASSED     [ 26%]
tests/test_categories.py::test_create_category_missing_name PASSED       [ 30%]
tests/test_categories.py::test_update_existing_category PASSED           [ 34%]
tests/test_categories.py::test_update_non_existing_category PASSED       [ 39%]
tests/test_categories.py::test_delete_existing_category PASSED           [ 43%]
tests/test_categories.py::test_delete_non_existing_category PASSED       [ 47%]
tests/test_categories.py::test_filter_active_categories PASSED           [ 52%]
tests/test_categories.py::test_search_categories PASSED                  [ 56%]
tests/test_categories.py::test_search_categories_no_match PASSED         [ 60%]
tests/test_products.py::test_health PASSED                               [ 65%]
tests/test_products.py::test_get_products PASSED                         [ 69%]
tests/test_products.py::test_get_existing_product PASSED                 [ 73%]
tests/test_products.py::test_get_non_existing_product PASSED             [ 78%]
tests/test_products.py::test_create_product PASSED                       [ 82%]
tests/test_products.py::test_update_product PASSED                       [ 86%]
tests/test_products.py::test_update_product_stock_recalculates_available PASSED [ 91%]
tests/test_products.py::test_delete_product PASSED                       [ 95%]
tests/test_products.py::test_filters PASSED                              [100%]

=============================== warnings summary ===============================
.venv/lib/python3.12/site-packages/fastapi/testclient.py:1
  /home/ubuntu/products-api-real/test_fastapi_productos_y_categorias/.venv/lib/python3.12/site-packages/fastapi/testclient.py:1: StarletteDeprecationWarning: Using `httpx` with `starlette.testclient` is deprecated; install `httpx2` instead.
    from starlette.testclient import TestClient as TestClient  # noqa

.venv/lib/python3.12/site-packages/starlette/testclient.py:53
  /home/ubuntu/products-api-real/test_fastapi_productos_y_categorias/.venv/lib/python3.12/site-packages/starlette/testclient.py:53: DeprecationWarning: The anyio.abc.BlockingPortal alias is deprecated, use anyio.from_thread.BlockingPortal instead.
    _PortalFactoryType = Callable[[], AbstractContextManager[anyio.abc.BlockingPortal]]

-- Docs: https://docs.pytest.org/en/stable/how-to/capture-warnings.html
======================== 23 passed, 2 warnings in 0.13s ========================
